class	line 5 cols 1-5 is T_class
Animal	line 5 cols 7-12 is T_Identifier
{	line 5 cols 14-14 is '{'
int	line 6 cols 3-5 is T_int
height	line 6 cols 7-12 is T_Identifier
;	line 6 cols 13-13 is ';'
double	line 7 cols 3-8 is T_double
weight	line 7 cols 10-15 is T_Identifier
;	line 7 cols 16-16 is ';'
void	line 8 cols 4-7 is T_void
Eat	line 8 cols 9-11 is T_Identifier
()	line 8 cols 12-13 is '()'
{	line 8 cols 15-15 is '{'
weight	line 8 cols 17-22 is T_Identifier
=	line 8 cols 24-24 is '='
weight	line 8 cols 26-31 is T_Identifier
*	line 8 cols 33-33 is '*'
2.0	line 8 cols 35-37 is T_DoubleConstant
;	line 8 cols 38-38 is ';'
}	line 8 cols 39-39 is '}'
}	line 9 cols 1-1 is '}'
class	line 11 cols 1-5 is T_class
Cow	line 11 cols 7-9 is T_Identifier
extends	line 11 cols 11-17 is T_extends
Animal	line 11 cols 19-24 is T_Identifier
{	line 11 cols 26-26 is '{'
string	line 12 cols 3-8 is T_string
name	line 12 cols 10-13 is T_Identifier
;	line 12 cols 14-14 is ';'
void	line 13 cols 3-6 is T_void
Moo	line 13 cols 8-10 is T_Identifier
()	line 13 cols 11-12 is '()'
{	line 13 cols 14-14 is '{'
}	line 14 cols 1-1 is '}'
int	line 16 cols 1-3 is T_int
a	line 16 cols 5-5 is T_Identifier
;	line 16 cols 6-6 is ';'
void	line 18 cols 1-4 is T_void
main	line 18 cols 6-9 is T_Identifier
()	line 18 cols 10-11 is '()'
{	line 18 cols 13-13 is '{'
int	line 19 cols 4-6 is T_int
b	line 19 cols 8-8 is T_Identifier
;	line 19 cols 9-9 is ';'
int	line 20 cols 4-6 is T_int
a	line 20 cols 8-8 is T_Identifier
;	line 20 cols 9-9 is ';'
int	line 21 cols 4-6 is T_int
d	line 21 cols 8-8 is T_Identifier
;	line 21 cols 9-9 is ';'
int	line 22 cols 4-6 is T_int
INT	line 22 cols 8-10 is T_Identifier
;	line 22 cols 11-11 is ';'
d	line 24 cols 4-4 is T_Identifier
=	line 24 cols 6-6 is '='
.	line 24 cols 8-8 is '.'
12	line 24 cols 9-10 is T_IntConstant
;	line 24 cols 11-11 is ';'
a	line 25 cols 4-4 is T_Identifier
=	line 25 cols 6-6 is '='
.	line 25 cols 8-8 is '.'
12	line 25 cols 9-10 is T_IntConstant
E	line 25 cols 11-11 is T_Identifier
+	line 25 cols 12-12 is '+'
2	line 25 cols 13-13 is T_IntConstant
;	line 25 cols 14-14 is ';'
INT	line 26 cols 4-6 is T_Identifier
=	line 26 cols 8-8 is '='
12.E2	line 26 cols 10-14 is T_DoubleConstant
b	line 27 cols 4-4 is T_Identifier
=	line 27 cols 6-6 is '='
1.12	line 27 cols 8-11 is T_DoubleConstant
E	line 27 cols 12-12 is T_Identifier
+	line 27 cols 13-13 is '+'
-	line 27 cols 14-14 is '-'
2	line 27 cols 15-15 is T_IntConstant
;	line 27 cols 16-16 is ';'
b	line 28 cols 4-4 is T_Identifier
=	line 28 cols 6-6 is '='
000003	line 28 cols 8-13 is T_IntConstant
;	line 28 cols 14-14 is ';'
a	line 29 cols 4-4 is T_Identifier
=	line 29 cols 6-6 is '='
b	line 29 cols 8-8 is T_Identifier
+	line 29 cols 10-10 is '+'
2	line 29 cols 12-12 is T_IntConstant
;	line 29 cols 13-13 is ';'
}	line 30 cols 1-1 is '}'
void	line 33 cols 1-4 is T_void
main	line 33 cols 6-9 is T_Identifier
()	line 33 cols 10-11 is '()'
{	line 33 cols 13-13 is '{'
class	line 34 cols 3-7 is T_class
Cow	line 34 cols 9-11 is T_Identifier
betsy	line 34 cols 13-17 is T_Identifier
;	line 34 cols 18-18 is ';'
*** line 35.*** Long identifier will be truncated: variable_whose_name_is_much_too_long
variable_whose_name_is_much_to	line 35 cols 3-32 is T_Identifier
=	line 35 cols 39-39 is '='
"hola como estas"	line 35 cols 40-56 is T_StringConstant
;	line 35 cols 57-57 is ';'
betsy	line 36 cols 3-7 is T_Identifier
=	line 36 cols 9-9 is '='
New	line 36 cols 11-13 is T_New
(	line 36 cols 14-14 is '('
Cow	line 36 cols 15-17 is T_Identifier
)	line 36 cols 18-18 is ')'
;	line 36 cols 19-19 is ';'
betsy	line 37 cols 3-7 is T_Identifier
.	line 37 cols 8-8 is '.'
height	line 37 cols 9-14 is T_Identifier
=	line 37 cols 16-16 is '='
0xa2	line 37 cols 18-21 is T_IntConstant
+	line 37 cols 23-23 is '+'
0XFa4	line 37 cols 25-29 is T_IntConstant
;	line 37 cols 30-30 is ';'
betsy	line 38 cols 3-7 is T_Identifier
.	line 38 cols 8-8 is '.'
weight	line 38 cols 9-14 is T_Identifier
=	line 38 cols 16-16 is '='
1.456	line 38 cols 18-22 is T_DoubleConstant
;	line 38 cols 23-23 is ';'
besty	line 39 cols 3-7 is T_Identifier
.	line 39 cols 8-8 is '.'
name	line 39 cols 9-12 is T_Identifier
=	line 39 cols 14-14 is '='
"Betsy"	line 39 cols 16-22 is T_StringConstant
;	line 39 cols 23-23 is ';'
betsy	line 40 cols 3-7 is T_Identifier
.	line 40 cols 8-8 is '.'
Moo	line 40 cols 9-11 is T_Identifier
()	line 40 cols 12-13 is '()'
;	line 40 cols 14-14 is ';'
}	line 41 cols 1-1 is '}'

