line: 0 column: 0 token operator_punctuation: "#" 
line: 0 column: 1 token reserved_word: "include" 
line: 0 column: 9 token operator_punctuation: "<" 
line: 0 column: 10 token file_name: "fileB.txt" 
line: 0 column: 19 token operator_punctuation: ">" 
line: 0 column: 0 token reserved_word: "string" 
line: 0 column: 7 token identifier: "My_String" 
line: 0 column: 16 token operator_punctuation: ";" 
line: 2 column: 0 token reserved_word: "class" 
line: 2 column: 6 token identifier: "Parser" 
line: 2 column: 13 token reserved_word: "implements" 
line: 2 column: 24 token identifier: "lexical" 
line: 2 column: 31 token operator_punctuation: "," 
line: 2 column: 33 token identifier: "syntactical" 
line: 3 column: 0 token operator_punctuation: "{" 
line: 4 column: 1 token reserved_word: "int" 
line: 4 column: 5 token identifier: "a1" 
line: 4 column: 7 token operator_punctuation: ";" 
line: 6 column: 2 token reserved_word: "int" 
line: 6 column: 6 token identifier: "f1" 
line: 6 column: 8 token operator_punctuation: "(" 
line: 6 column: 9 token reserved_word: "int" 
line: 6 column: 13 token identifier: "a" 
line: 6 column: 14 token operator_punctuation: "," 
line: 6 column: 16 token reserved_word: "int" 
line: 6 column: 20 token identifier: "b" 
line: 6 column: 21 token operator_punctuation: "," 
line: 6 column: 23 token reserved_word: "int" 
line: 6 column: 27 token identifier: "c" 
line: 6 column: 28 token operator_punctuation: ")" 
line: 6 column: 30 token operator_punctuation: "{" 
line: 7 column: 2 token operator_punctuation: "{" 
line: 8 column: 2 token reserved_word: "if" 
line: 8 column: 5 token operator_punctuation: "(" 
line: 8 column: 6 token identifier: "a" 
line: 8 column: 7 token operator_punctuation: ">" 
line: 8 column: 8 token identifier: "b" 
line: 8 column: 9 token operator_punctuation: ")" 
line: 8 column: 11 token identifier: "p1" 
line: 8 column: 13 token operator_punctuation: "=" 
line: 8 column: 14 token integer_constant: "2" 
line: 8 column: 15 token operator_punctuation: ";" 
line: 8 column: 17 token reserved_word: "else" 
line: 8 column: 22 token identifier: "p1" 
line: 8 column: 24 token operator_punctuation: "=" 
line: 8 column: 25 token integer_constant: "3" 
line: 8 column: 26 token operator_punctuation: ";" 
line: 9 column: 2 token identifier: "My_String" 
line: 9 column: 12 token operator_punctuation: "=" 
line: 9 column: 14 token string_constant: ""This is a string"" 
line: 9 column: 32 token operator_punctuation: ";" 
line: 10 column: 2 token operator_punctuation: "}" 
line: 11 column: 2 token reserved_word: "return" 
line: 11 column: 9 token operator_punctuation: "(" 
line: 11 column: 10 token identifier: "p1" 
line: 11 column: 12 token operator_punctuation: ")" 
line: 11 column: 14 token operator_punctuation: ";" 
line: 12 column: 2 token operator_punctuation: "}" 
line: 14 column: 2 token reserved_word: "void" 
line: 14 column: 7 token identifier: "proc1" 
line: 14 column: 12 token operator_punctuation: "(" 
line: 14 column: 13 token reserved_word: "double" 
line: 14 column: 20 token identifier: "y" 
line: 14 column: 21 token operator_punctuation: ")" 
line: 15 column: 2 token operator_punctuation: "{" 
line: 16 column: 2 token reserved_word: "while" 
line: 16 column: 8 token operator_punctuation: "(" 
line: 16 column: 9 token identifier: "a1" 
line: 16 column: 12 token operator_punctuation: "<=" 
line: 16 column: 15 token identifier: "y" 
line: 16 column: 16 token operator_punctuation: ")" 
line: 16 column: 18 token operator_punctuation: "{" 
line: 17 column: 2 token identifier: "a1" 
line: 17 column: 5 token operator_punctuation: "=" 
line: 17 column: 7 token identifier: "a1" 
line: 17 column: 10 token operator_punctuation: "*" 
line: 17 column: 12 token double_constant: "00.0001" 
line: 17 column: 19 token operator_punctuation: ";" 
line: 18 column: 2 token reserved_word: "if" 
line: 18 column: 5 token operator_punctuation: "(" 
line: 18 column: 6 token identifier: "a1" 
line: 18 column: 9 token operator_punctuation: "==" 
line: 18 column: 12 token integer_constant: "0" 
line: 18 column: 13 token operator_punctuation: ")" 
line: 18 column: 15 token reserved_word: "break" 
line: 18 column: 20 token operator_punctuation: ";" 
line: 19 column: 2 token operator_punctuation: "}" 
line: 20 column: 2 token operator_punctuation: "}" 
line: 21 column: 0 token operator_punctuation: "}" 
line: 2 column: 0 token reserved_word: "void" 
line: 2 column: 5 token identifier: "main" 
line: 2 column: 9 token operator_punctuation: "(" 
line: 2 column: 11 token operator_punctuation: ")" 
line: 2 column: 12 token operator_punctuation: "{" 
line: 3 column: 1 token reserved_word: "int" 
line: 3 column: 5 token identifier: "m1" 
line: 3 column: 7 token operator_punctuation: ";" 
line: 4 column: 1 token reserved_word: "int" 
line: 4 column: 5 token identifier: "m2" 
line: 4 column: 7 token operator_punctuation: ";" 
line: 5 column: 1 token reserved_word: "double" 
line: 5 column: 8 token identifier: "m3" 
line: 5 column: 10 token operator_punctuation: ";" 
line: 6 column: 1 token identifier: "Parser" 
line: 6 column: 8 token identifier: "MyParser" 
line: 6 column: 16 token operator_punctuation: ";" 
line: 7 column: 1 token identifier: "MyParser" 
line: 7 column: 9 token operator_punctuation: "." 
line: 7 column: 10 token identifier: "proc1" 
line: 7 column: 15 token operator_punctuation: "(" 
line: 7 column: 16 token identifier: "m3" 
line: 7 column: 18 token operator_punctuation: ")" 
line: 7 column: 19 token operator_punctuation: ";" 
line: 8 column: 1 token reserved_word: "while" 
line: 8 column: 6 token operator_punctuation: "(" 
line: 8 column: 7 token identifier: "m1" 
line: 8 column: 9 token operator_punctuation: ">=" 
line: 8 column: 11 token integer_constant: "20" 
line: 8 column: 13 token operator_punctuation: ")" 
line: 8 column: 15 token operator_punctuation: "{" 
line: 9 column: 1 token reserved_word: "for" 
line: 9 column: 4 token operator_punctuation: "(" 
line: 9 column: 5 token identifier: "m2" 
line: 9 column: 7 token operator_punctuation: "=" 
line: 9 column: 8 token identifier: "MyParser" 
line: 9 column: 16 token operator_punctuation: "." 
line: 9 column: 17 token identifier: "f1" 
line: 9 column: 19 token operator_punctuation: "(" 
line: 9 column: 20 token integer_constant: "1" 
line: 9 column: 21 token operator_punctuation: "," 
line: 9 column: 22 token double_constant: "2.2" 
line: 9 column: 25 token operator_punctuation: "," 
line: 9 column: 26 token string_constant: ""3"" 
line: 9 column: 29 token operator_punctuation: ")" 
line: 9 column: 30 token operator_punctuation: ";" 
line: 9 column: 31 token identifier: "m2" 
line: 9 column: 33 token operator_punctuation: "=" 
line: 9 column: 34 token identifier: "m2" 
line: 9 column: 36 token operator_punctuation: "+" 
line: 9 column: 37 token integer_constant: "1" 
line: 9 column: 38 token operator_punctuation: ";" 
line: 9 column: 39 token operator_punctuation: "(" 
line: 9 column: 40 token integer_constant: "2" 
line: 9 column: 41 token operator_punctuation: ")" 
line: 9 column: 42 token operator_punctuation: ")" 
line: 9 column: 44 token operator_punctuation: ";" 
line: 10 column: 1 token identifier: "m1" 
line: 10 column: 3 token operator_punctuation: "=" 
line: 10 column: 4 token identifier: "m1" 
line: 10 column: 6 token operator_punctuation: "+" 
line: 10 column: 7 token integer_constant: "2" 
line: 10 column: 8 token operator_punctuation: ";" 
line: 11 column: 1 token operator_punctuation: "}" 
line: 12 column: 1 token reserved_word: "Print" 
line: 12 column: 6 token operator_punctuation: "(" 
line: 12 column: 7 token reserved_word: "this" 
line: 12 column: 11 token operator_punctuation: "." 
line: 12 column: 12 token identifier: "m2" 
line: 12 column: 14 token operator_punctuation: "+" 
line: 12 column: 15 token integer_constant: "10" 
line: 12 column: 17 token operator_punctuation: ")" 
line: 12 column: 18 token operator_punctuation: ";" 
line: 13 column: 1 token reserved_word: "if" 
line: 13 column: 4 token operator_punctuation: "(" 
line: 13 column: 5 token identifier: "m2" 
line: 13 column: 7 token operator_punctuation: "%" 
line: 13 column: 8 token identifier: "m1" 
line: 13 column: 10 token operator_punctuation: "==" 
line: 13 column: 12 token integer_constant: "2" 
line: 13 column: 13 token operator_punctuation: ")" 
line: 14 column: 1 token reserved_word: "Print" 
line: 14 column: 6 token operator_punctuation: "(" 
line: 14 column: 7 token string_constant: ""Sucess!"" 
line: 14 column: 16 token operator_punctuation: "," 
line: 14 column: 18 token identifier: "m1" 
line: 14 column: 20 token operator_punctuation: ")" 
line: 14 column: 21 token operator_punctuation: ";" 
line: 15 column: 1 token reserved_word: "else" 
line: 15 column: 6 token operator_punctuation: "{" 
line: 15 column: 8 token reserved_word: "Print" 
line: 15 column: 13 token operator_punctuation: "(" 
line: 15 column: 14 token string_constant: ""Error!"" 
line: 15 column: 22 token operator_punctuation: ")" 
line: 15 column: 23 token operator_punctuation: ";" 
line: 15 column: 25 token operator_punctuation: "}" 
line: 16 column: 0 token operator_punctuation: "}" 
line: 18 column: 1 token reserved_word: "void" 
line: 18 column: 6 token identifier: "proc2" 
line: 18 column: 11 token operator_punctuation: "(" 
line: 18 column: 12 token reserved_word: "int" 
line: 18 column: 16 token identifier: "s" 
line: 18 column: 17 token operator_punctuation: ")" 
line: 19 column: 1 token operator_punctuation: "{" 
line: 20 column: 3 token reserved_word: "int" 
line: 20 column: 7 token identifier: "s1" 
line: 20 column: 9 token operator_punctuation: ";" 
line: 21 column: 3 token identifier: "s1" 
line: 21 column: 6 token operator_punctuation: "=" 
line: 21 column: 8 token identifier: "s1" 
line: 21 column: 11 token operator_punctuation: "*" 
line: 21 column: 13 token identifier: "s" 
line: 21 column: 14 token operator_punctuation: ";" 
line: 22 column: 1 token operator_punctuation: "}" 

