line: 0 column: 0 token reserved_word: "class" 
line: 0 column: 6 token identifier: "Aniquilador" 
line: 0 column: 18 token reserved_word: "extends" 
line: 0 column: 26 token identifier: "ChuckNorris" 
line: 0 column: 38 token reserved_word: "implements" 
line: 0 column: 49 token identifier: "ElChacal" 
line: 0 column: 57 token operator_punctuation: "," 
line: 0 column: 59 token identifier: "MariLaMariquita" 
line: 0 column: 74 token operator_punctuation: "," 
line: 0 column: 76 token identifier: "Harry" 
line: 0 column: 81 token operator_punctuation: "{" 
line: 1 column: 1 token reserved_word: "int" 
line: 1 column: 5 token identifier: "InsultoNorris" 
line: 1 column: 18 token operator_punctuation: "(" 
line: 1 column: 20 token operator_punctuation: ")" 
line: 1 column: 21 token operator_punctuation: "{" 
line: 2 column: 2 token identifier: "a" 
line: 2 column: 4 token operator_punctuation: "=" 
line: 2 column: 6 token integer_constant: "3" 
line: 2 column: 8 token operator_punctuation: "+" 
line: 2 column: 10 token integer_constant: "3" 
line: 2 column: 12 token operator_punctuation: "-" 
line: 2 column: 14 token integer_constant: "3" 
line: 2 column: 16 token operator_punctuation: "-" 
line: 2 column: 18 token integer_constant: "3" 
line: 2 column: 20 token operator_punctuation: "*" 
line: 2 column: 22 token integer_constant: "3" 
line: 2 column: 24 token operator_punctuation: "*" 
line: 2 column: 26 token integer_constant: "3" 
line: 2 column: 28 token operator_punctuation: "+" 
line: 2 column: 30 token operator_punctuation: "(" 
line: 2 column: 32 token integer_constant: "3" 
line: 2 column: 34 token operator_punctuation: "*" 
line: 2 column: 36 token integer_constant: "3" 
line: 2 column: 37 token operator_punctuation: ")" 
line: 2 column: 38 token operator_punctuation: ";" 
line: 3 column: 2 token identifier: "a" 
line: 3 column: 4 token operator_punctuation: "=" 
line: 3 column: 6 token integer_constant: "3" 
line: 3 column: 8 token operator_punctuation: "-" 
line: 3 column: 10 token integer_constant: "3" 
line: 3 column: 11 token operator_punctuation: ";" 
line: 4 column: 2 token identifier: "a" 
line: 4 column: 4 token operator_punctuation: "=" 
line: 4 column: 6 token integer_constant: "3" 
line: 4 column: 8 token operator_punctuation: "*" 
line: 4 column: 10 token integer_constant: "3" 
line: 4 column: 11 token operator_punctuation: ";" 
line: 5 column: 2 token identifier: "a" 
line: 5 column: 4 token operator_punctuation: "=" 
line: 5 column: 6 token integer_constant: "3" 
line: 5 column: 8 token operator_punctuation: "/" 
line: 5 column: 10 token integer_constant: "3" 
line: 5 column: 11 token operator_punctuation: ";" 
line: 6 column: 1 token operator_punctuation: "}" 
line: 8 column: 1 token reserved_word: "void" 
line: 8 column: 6 token identifier: "PatadaNorris" 
line: 8 column: 18 token operator_punctuation: "(" 
line: 8 column: 20 token operator_punctuation: ")" 
line: 8 column: 21 token operator_punctuation: "{" 
line: 9 column: 2 token reserved_word: "int" 
line: 9 column: 6 token identifier: "a" 
line: 9 column: 7 token operator_punctuation: ";" 
line: 10 column: 2 token reserved_word: "int" 
line: 10 column: 6 token identifier: "b" 
line: 10 column: 7 token operator_punctuation: ";" 
line: 11 column: 2 token reserved_word: "int" 
line: 11 column: 6 token identifier: "c" 
line: 11 column: 7 token operator_punctuation: ";" 
line: 12 column: 2 token reserved_word: "int" 
line: 12 column: 6 token identifier: "res" 
line: 12 column: 9 token operator_punctuation: ";" 
line: 13 column: 2 token reserved_word: "string" 
line: 13 column: 9 token identifier: "hola" 
line: 13 column: 13 token operator_punctuation: ";" 
line: 14 column: 2 token identifier: "a" 
line: 14 column: 4 token operator_punctuation: "=" 
line: 14 column: 6 token integer_constant: "0" 
line: 14 column: 7 token operator_punctuation: ";" 
line: 15 column: 2 token identifier: "b" 
line: 15 column: 4 token operator_punctuation: "=" 
line: 15 column: 6 token integer_constant: "1" 
line: 15 column: 7 token operator_punctuation: ";" 
line: 16 column: 2 token identifier: "c" 
line: 16 column: 4 token operator_punctuation: "=" 
line: 16 column: 6 token integer_constant: "2" 
line: 16 column: 7 token operator_punctuation: ";" 
line: 19 column: 2 token reserved_word: "if" 
line: 19 column: 4 token operator_punctuation: "(" 
line: 19 column: 5 token identifier: "a" 
line: 19 column: 7 token operator_punctuation: ">" 
line: 19 column: 9 token identifier: "b" 
line: 19 column: 10 token operator_punctuation: ")" 
line: 20 column: 3 token reserved_word: "if" 
line: 20 column: 5 token operator_punctuation: "(" 
line: 20 column: 6 token identifier: "a" 
line: 20 column: 8 token operator_punctuation: ">" 
line: 20 column: 10 token identifier: "b" 
line: 20 column: 11 token operator_punctuation: ")" 
line: 21 column: 4 token reserved_word: "if" 
line: 21 column: 6 token operator_punctuation: "(" 
line: 21 column: 7 token identifier: "a" 
line: 21 column: 9 token operator_punctuation: ">" 
line: 21 column: 11 token identifier: "b" 
line: 21 column: 12 token operator_punctuation: ")" 
line: 22 column: 5 token identifier: "res" 
line: 22 column: 9 token operator_punctuation: "=" 
line: 22 column: 11 token integer_constant: "0" 
line: 22 column: 12 token operator_punctuation: ";" 
line: 23 column: 4 token reserved_word: "else" 
line: 24 column: 5 token reserved_word: "while" 
line: 24 column: 10 token operator_punctuation: "(" 
line: 24 column: 11 token identifier: "a" 
line: 24 column: 13 token operator_punctuation: ">" 
line: 24 column: 15 token identifier: "b" 
line: 24 column: 16 token operator_punctuation: ")" 
line: 25 column: 6 token reserved_word: "if" 
line: 25 column: 8 token operator_punctuation: "(" 
line: 25 column: 9 token identifier: "a" 
line: 25 column: 11 token operator_punctuation: ">" 
line: 25 column: 13 token identifier: "b" 
line: 25 column: 14 token operator_punctuation: ")" 
line: 26 column: 7 token identifier: "res" 
line: 26 column: 11 token operator_punctuation: "=" 
line: 26 column: 13 token integer_constant: "1" 
line: 26 column: 14 token operator_punctuation: ";" 
line: 27 column: 6 token reserved_word: "else" 
line: 28 column: 7 token identifier: "res" 
line: 28 column: 11 token operator_punctuation: "=" 
line: 28 column: 13 token integer_constant: "0" 
line: 28 column: 14 token operator_punctuation: ";" 
line: 29 column: 3 token reserved_word: "else" 
line: 30 column: 4 token identifier: "res" 
line: 30 column: 8 token operator_punctuation: "=" 
line: 30 column: 10 token integer_constant: "1" 
line: 30 column: 11 token operator_punctuation: ";" 
line: 31 column: 2 token reserved_word: "else" 
line: 32 column: 3 token reserved_word: "if" 
line: 32 column: 5 token operator_punctuation: "(" 
line: 32 column: 6 token identifier: "a" 
line: 32 column: 8 token operator_punctuation: ">" 
line: 32 column: 10 token identifier: "b" 
line: 32 column: 11 token operator_punctuation: ")" 
line: 33 column: 4 token reserved_word: "if" 
line: 33 column: 6 token operator_punctuation: "(" 
line: 33 column: 7 token identifier: "a" 
line: 33 column: 9 token operator_punctuation: ">" 
line: 33 column: 11 token identifier: "b" 
line: 33 column: 12 token operator_punctuation: ")" 
line: 34 column: 5 token identifier: "res" 
line: 34 column: 9 token operator_punctuation: "=" 
line: 34 column: 11 token integer_constant: "0" 
line: 34 column: 12 token operator_punctuation: ";" 
line: 35 column: 4 token reserved_word: "else" 
line: 36 column: 5 token identifier: "res" 
line: 36 column: 9 token operator_punctuation: "=" 
line: 36 column: 11 token integer_constant: "1" 
line: 36 column: 12 token operator_punctuation: ";" 
line: 37 column: 3 token reserved_word: "else" 
line: 38 column: 4 token reserved_word: "while" 
line: 38 column: 9 token operator_punctuation: "(" 
line: 38 column: 10 token identifier: "a" 
line: 38 column: 12 token operator_punctuation: ">" 
line: 38 column: 14 token identifier: "b" 
line: 38 column: 15 token operator_punctuation: ")" 
line: 39 column: 5 token reserved_word: "if" 
line: 39 column: 7 token operator_punctuation: "(" 
line: 39 column: 8 token identifier: "a" 
line: 39 column: 10 token operator_punctuation: ">" 
line: 39 column: 12 token identifier: "b" 
line: 39 column: 13 token operator_punctuation: ")" 
line: 40 column: 6 token identifier: "res" 
line: 40 column: 10 token operator_punctuation: "=" 
line: 40 column: 12 token integer_constant: "1" 
line: 40 column: 13 token operator_punctuation: ";" 
line: 41 column: 5 token reserved_word: "else" 
line: 42 column: 6 token identifier: "res" 
line: 42 column: 10 token operator_punctuation: "=" 
line: 42 column: 12 token integer_constant: "0" 
line: 42 column: 13 token operator_punctuation: ";" 
line: 45 column: 2 token reserved_word: "for" 
line: 45 column: 5 token operator_punctuation: "(" 
line: 45 column: 6 token operator_punctuation: ";" 
line: 45 column: 7 token identifier: "a" 
line: 45 column: 9 token operator_punctuation: ">" 
line: 45 column: 11 token identifier: "c" 
line: 45 column: 12 token operator_punctuation: ";" 
line: 45 column: 13 token operator_punctuation: ")" 
line: 46 column: 3 token reserved_word: "for" 
line: 46 column: 6 token operator_punctuation: "(" 
line: 46 column: 7 token operator_punctuation: "!" 
line: 46 column: 8 token identifier: "a" 
line: 46 column: 10 token operator_punctuation: ";" 
line: 46 column: 11 token identifier: "a" 
line: 46 column: 13 token operator_punctuation: ">" 
line: 46 column: 15 token identifier: "c" 
line: 46 column: 16 token operator_punctuation: ";" 
line: 46 column: 17 token operator_punctuation: "-" 
line: 46 column: 18 token identifier: "b" 
line: 46 column: 19 token operator_punctuation: ")" 
line: 47 column: 4 token reserved_word: "for" 
line: 47 column: 7 token operator_punctuation: "(" 
line: 47 column: 8 token identifier: "a" 
line: 47 column: 9 token operator_punctuation: ">=" 
line: 47 column: 11 token identifier: "b" 
line: 47 column: 12 token operator_punctuation: ";" 
line: 47 column: 13 token identifier: "a" 
line: 47 column: 15 token operator_punctuation: ">" 
line: 47 column: 17 token identifier: "c" 
line: 47 column: 18 token operator_punctuation: ";" 
line: 47 column: 19 token identifier: "c" 
line: 47 column: 20 token operator_punctuation: "<=" 
line: 47 column: 22 token identifier: "d" 
line: 47 column: 23 token operator_punctuation: ")" 
line: 48 column: 5 token reserved_word: "if" 
line: 48 column: 7 token operator_punctuation: "(" 
line: 48 column: 8 token identifier: "a" 
line: 48 column: 9 token operator_punctuation: ">" 
line: 48 column: 10 token identifier: "b" 
line: 48 column: 11 token operator_punctuation: ")" 
line: 49 column: 6 token identifier: "b" 
line: 49 column: 7 token operator_punctuation: "=" 
line: 49 column: 8 token operator_punctuation: "-" 
line: 49 column: 9 token identifier: "b" 
line: 49 column: 11 token operator_punctuation: "-" 
line: 49 column: 13 token identifier: "b" 
line: 49 column: 15 token operator_punctuation: "-" 
line: 49 column: 17 token identifier: "b" 
line: 49 column: 19 token operator_punctuation: "+" 
line: 49 column: 21 token integer_constant: "10" 
line: 49 column: 24 token operator_punctuation: "-" 
line: 49 column: 26 token operator_punctuation: "(" 
line: 49 column: 28 token operator_punctuation: "-" 
line: 49 column: 29 token identifier: "b" 
line: 49 column: 31 token operator_punctuation: "-" 
line: 49 column: 33 token identifier: "a" 
line: 49 column: 34 token operator_punctuation: ")" 
line: 49 column: 35 token operator_punctuation: ";" 
line: 50 column: 5 token reserved_word: "else" 
line: 51 column: 6 token identifier: "c" 
line: 51 column: 7 token operator_punctuation: "=" 
line: 51 column: 8 token integer_constant: "0" 
line: 51 column: 9 token operator_punctuation: ";" 
line: 63 column: 2 token reserved_word: "while" 
line: 63 column: 7 token operator_punctuation: "(" 
line: 63 column: 8 token identifier: "a" 
line: 63 column: 10 token operator_punctuation: ">" 
line: 63 column: 12 token identifier: "b" 
line: 63 column: 13 token operator_punctuation: ")" 
line: 64 column: 3 token reserved_word: "if" 
line: 64 column: 5 token operator_punctuation: "(" 
line: 64 column: 6 token identifier: "a" 
line: 64 column: 8 token operator_punctuation: ">" 
line: 64 column: 10 token identifier: "b" 
line: 64 column: 11 token operator_punctuation: ")" 
line: 65 column: 4 token reserved_word: "for" 
line: 65 column: 7 token operator_punctuation: "(" 
line: 65 column: 8 token operator_punctuation: ";" 
line: 65 column: 9 token identifier: "a" 
line: 65 column: 11 token operator_punctuation: "<=" 
line: 65 column: 14 token identifier: "c" 
line: 65 column: 15 token operator_punctuation: ";" 
line: 65 column: 16 token operator_punctuation: ")" 
line: 66 column: 5 token reserved_word: "Print" 
line: 66 column: 10 token operator_punctuation: "(" 
line: 66 column: 11 token operator_punctuation: "-" 
line: 66 column: 12 token identifier: "b" 
line: 66 column: 13 token operator_punctuation: "," 
line: 66 column: 14 token operator_punctuation: "-" 
line: 66 column: 15 token identifier: "b" 
line: 66 column: 16 token operator_punctuation: "," 
line: 66 column: 17 token operator_punctuation: "-" 
line: 66 column: 18 token identifier: "b" 
line: 66 column: 19 token operator_punctuation: "," 
line: 66 column: 20 token operator_punctuation: "-" 
line: 66 column: 21 token identifier: "b" 
line: 66 column: 22 token operator_punctuation: "," 
line: 66 column: 23 token identifier: "a" 
line: 66 column: 24 token operator_punctuation: "+" 
line: 66 column: 25 token identifier: "b" 
line: 66 column: 26 token operator_punctuation: "," 
line: 66 column: 27 token identifier: "e" 
line: 66 column: 28 token operator_punctuation: "-" 
line: 66 column: 29 token identifier: "c" 
line: 66 column: 30 token operator_punctuation: "," 
line: 66 column: 32 token operator_punctuation: "!" 
line: 66 column: 33 token identifier: "b" 
line: 66 column: 34 token operator_punctuation: "," 
line: 66 column: 36 token identifier: "e" 
line: 66 column: 38 token operator_punctuation: "!=" 
line: 66 column: 41 token identifier: "a" 
line: 66 column: 42 token operator_punctuation: ")" 
line: 66 column: 43 token operator_punctuation: ";" 
line: 71 column: 1 token operator_punctuation: "}" 
line: 72 column: 0 token operator_punctuation: "}" 
line: 74 column: 0 token reserved_word: "interface" 
line: 74 column: 10 token identifier: "NorrisInterface" 
line: 74 column: 26 token operator_punctuation: "{" 
line: 75 column: 1 token reserved_word: "void" 
line: 75 column: 6 token identifier: "CabezaNorris" 
line: 75 column: 18 token operator_punctuation: "(" 
line: 75 column: 19 token reserved_word: "int" 
line: 75 column: 23 token identifier: "cuarzo" 
line: 75 column: 29 token operator_punctuation: "," 
line: 75 column: 31 token reserved_word: "int" 
line: 75 column: 35 token identifier: "oro" 
line: 75 column: 38 token operator_punctuation: "," 
line: 75 column: 40 token reserved_word: "int" 
line: 75 column: 44 token identifier: "piedra" 
line: 75 column: 50 token operator_punctuation: ")" 
line: 75 column: 51 token operator_punctuation: ";" 
line: 76 column: 1 token reserved_word: "void" 
line: 76 column: 6 token identifier: "BrazoDerechoNorris" 
line: 76 column: 24 token operator_punctuation: "(" 
line: 76 column: 25 token reserved_word: "int" 
line: 76 column: 29 token identifier: "metal" 
line: 76 column: 34 token operator_punctuation: ")" 
line: 76 column: 35 token operator_punctuation: ";" 
line: 77 column: 1 token reserved_word: "void" 
line: 77 column: 6 token identifier: "BrazoIzquierdoNorris" 
line: 77 column: 26 token operator_punctuation: "(" 
line: 77 column: 27 token reserved_word: "int" 
line: 77 column: 31 token identifier: "vibranio" 
line: 77 column: 39 token operator_punctuation: "," 
line: 77 column: 41 token reserved_word: "int" 
line: 77 column: 45 token identifier: "oro" 
line: 77 column: 48 token operator_punctuation: ")" 
line: 77 column: 49 token operator_punctuation: ";" 
line: 78 column: 1 token reserved_word: "void" 
line: 78 column: 6 token identifier: "PieDerechoNorris" 
line: 78 column: 22 token operator_punctuation: "(" 
line: 78 column: 24 token operator_punctuation: ")" 
line: 78 column: 25 token operator_punctuation: ";" 
line: 79 column: 1 token reserved_word: "void" 
line: 79 column: 6 token identifier: "PieIzquierdoNorris" 
line: 79 column: 24 token operator_punctuation: "(" 
line: 79 column: 26 token operator_punctuation: ")" 
line: 79 column: 27 token operator_punctuation: ";" 
line: 80 column: 0 token operator_punctuation: "}" 

