line: 0 column: 0 token reserved_word: "double" 
line: 0 column: 7 token identifier: "circun" 
line: 0 column: 13 token operator_punctuation: ";" 
line: 1 column: 0 token reserved_word: "const" 
line: 1 column: 6 token reserved_word: "double" 
line: 1 column: 13 token identifier: "pi" 
line: 1 column: 15 token operator_punctuation: ";" 
line: 2 column: 0 token reserved_word: "const" 
line: 2 column: 6 token reserved_word: "double" 
line: 2 column: 13 token identifier: "radio" 
line: 2 column: 18 token operator_punctuation: ";" 
line: 4 column: 0 token reserved_word: "string" 
line: 4 column: 7 token identifier: "f1" 
line: 4 column: 9 token operator_punctuation: "(" 
line: 4 column: 11 token operator_punctuation: ")" 
line: 4 column: 12 token operator_punctuation: "{" 
line: 5 column: 1 token identifier: "pi" 
line: 5 column: 4 token operator_punctuation: "=" 
line: 5 column: 6 token double_constant: "3.1416" 
line: 5 column: 12 token operator_punctuation: ";" 
line: 6 column: 4 token identifier: "radio" 
line: 6 column: 10 token operator_punctuation: "=" 
line: 6 column: 12 token double_constant: "20.5" 
line: 6 column: 16 token operator_punctuation: ";" 
line: 7 column: 4 token identifier: "circun" 
line: 7 column: 11 token operator_punctuation: "=" 
line: 7 column: 13 token identifier: "pi" 
line: 7 column: 15 token operator_punctuation: "*" 
line: 7 column: 16 token integer_constant: "2" 
line: 7 column: 17 token operator_punctuation: "*" 
line: 7 column: 18 token identifier: "radio" 
line: 7 column: 23 token operator_punctuation: ";" 
line: 8 column: 0 token operator_punctuation: "}" 
line: 10 column: 0 token reserved_word: "void" 
line: 10 column: 5 token identifier: "main" 
line: 10 column: 9 token operator_punctuation: "(" 
line: 10 column: 11 token operator_punctuation: ")" 
line: 10 column: 12 token operator_punctuation: "{" 
line: 11 column: 1 token identifier: "pi" 
line: 11 column: 4 token operator_punctuation: "=" 
line: 11 column: 6 token double_constant: "3.1416" 
line: 11 column: 12 token operator_punctuation: ";" 
line: 12 column: 4 token identifier: "radio" 
line: 12 column: 10 token operator_punctuation: "=" 
line: 12 column: 12 token double_constant: "20.5" 
line: 12 column: 16 token operator_punctuation: ";" 
line: 13 column: 4 token identifier: "circun" 
line: 13 column: 11 token operator_punctuation: "=" 
line: 13 column: 13 token identifier: "pi" 
line: 13 column: 15 token operator_punctuation: "*" 
line: 13 column: 16 token integer_constant: "2" 
line: 13 column: 17 token operator_punctuation: "*" 
line: 13 column: 18 token identifier: "radio" 
line: 13 column: 23 token operator_punctuation: ";" 
line: 14 column: 0 token operator_punctuation: "}" 

