line: 0 column: 0 token reserved_word: "class" 
line: 0 column: 6 token identifier: "Program" 
line: 0 column: 14 token operator_punctuation: "{" 
line: 1 column: 0 token reserved_word: "int" 
line: 1 column: 4 token identifier: "f1" 
line: 1 column: 6 token operator_punctuation: "(" 
line: 1 column: 7 token reserved_word: "int" 
line: 1 column: 11 token identifier: "a" 
line: 1 column: 12 token operator_punctuation: "," 
line: 1 column: 14 token reserved_word: "int" 
line: 1 column: 18 token identifier: "b" 
line: 1 column: 19 token operator_punctuation: "," 
line: 1 column: 21 token reserved_word: "int" 
line: 1 column: 25 token identifier: "c" 
line: 1 column: 26 token operator_punctuation: ")" 
line: 1 column: 27 token operator_punctuation: "{" 
line: 2 column: 0 token reserved_word: "if" 
line: 2 column: 3 token operator_punctuation: "(" 
line: 2 column: 4 token identifier: "a" 
line: 2 column: 5 token operator_punctuation: ">" 
line: 2 column: 6 token identifier: "b" 
line: 2 column: 7 token operator_punctuation: ")" 
line: 2 column: 9 token identifier: "c" 
line: 2 column: 10 token operator_punctuation: "=" 
line: 2 column: 11 token integer_constant: "2" 
line: 2 column: 12 token operator_punctuation: ";" 
line: 2 column: 14 token reserved_word: "else" 
line: 2 column: 19 token identifier: "c" 
line: 2 column: 20 token operator_punctuation: "=" 
line: 2 column: 21 token integer_constant: "3" 
line: 2 column: 22 token operator_punctuation: ";" 
line: 3 column: 0 token reserved_word: "return" 
line: 3 column: 7 token operator_punctuation: "(" 
line: 3 column: 8 token identifier: "c" 
line: 3 column: 9 token operator_punctuation: ")" 
line: 3 column: 11 token operator_punctuation: ";" 
line: 4 column: 0 token operator_punctuation: "}" 
line: 5 column: 0 token reserved_word: "void" 
line: 5 column: 5 token identifier: "main" 
line: 5 column: 9 token operator_punctuation: "(" 
line: 5 column: 11 token operator_punctuation: ")" 
line: 5 column: 12 token operator_punctuation: "{" 
line: 6 column: 0 token reserved_word: "int" 
line: 6 column: 4 token identifier: "m1" 
line: 6 column: 6 token operator_punctuation: ";" 
line: 7 column: 0 token reserved_word: "int" 
line: 7 column: 4 token identifier: "m2" 
line: 7 column: 6 token operator_punctuation: ";" 
line: 8 column: 0 token reserved_word: "int" 
line: 8 column: 4 token identifier: "m3" 
line: 8 column: 6 token operator_punctuation: ";" 
line: 9 column: 0 token identifier: "Parser" 
line: 9 column: 7 token identifier: "MyParser" 
line: 9 column: 15 token operator_punctuation: ";" 
line: 10 column: 0 token identifier: "m2" 
line: 10 column: 2 token operator_punctuation: "=" 
line: 10 column: 3 token identifier: "MyParser" 
line: 10 column: 11 token operator_punctuation: "." 
line: 10 column: 12 token identifier: "f1" 
line: 10 column: 14 token operator_punctuation: "(" 
line: 10 column: 15 token integer_constant: "1" 
line: 10 column: 16 token operator_punctuation: "," 
line: 10 column: 17 token integer_constant: "2" 
line: 10 column: 18 token operator_punctuation: "," 
line: 10 column: 19 token identifier: "m3" 
line: 10 column: 21 token operator_punctuation: ")" 
line: 10 column: 22 token operator_punctuation: ";" 
line: 11 column: 0 token identifier: "m1" 
line: 11 column: 2 token operator_punctuation: "=" 
line: 11 column: 3 token identifier: "MyParser" 
line: 11 column: 11 token operator_punctuation: "." 
line: 11 column: 12 token identifier: "f1" 
line: 11 column: 14 token operator_punctuation: "(" 
line: 11 column: 15 token integer_constant: "1" 
line: 11 column: 16 token operator_punctuation: "," 
line: 11 column: 17 token string_constant: ""2.2"" 
line: 11 column: 22 token operator_punctuation: "," 
line: 11 column: 23 token identifier: "m3" 
line: 11 column: 25 token operator_punctuation: ")" 
line: 11 column: 26 token operator_punctuation: ";" 
line: 13 column: 0 token operator_punctuation: "}" 
line: 14 column: 0 token operator_punctuation: "}" 

