line: 0 column: 0 token reserved_word: "int" 
line: 0 column: 4 token identifier: "A" 
line: 0 column: 5 token operator_punctuation: ";" 
line: 1 column: 0 token reserved_word: "double" 
line: 1 column: 7 token identifier: "B" 
line: 1 column: 8 token operator_punctuation: ";" 
line: 3 column: 0 token reserved_word: "int" 
line: 3 column: 4 token identifier: "asignar" 
line: 3 column: 11 token operator_punctuation: "(" 
line: 3 column: 13 token operator_punctuation: ")" 
line: 3 column: 14 token operator_punctuation: "{" 
line: 4 column: 0 token identifier: "A" 
line: 4 column: 2 token operator_punctuation: "=" 
line: 4 column: 4 token integer_constant: "9" 
line: 4 column: 5 token operator_punctuation: ";" 
line: 5 column: 0 token identifier: "B" 
line: 5 column: 2 token operator_punctuation: "=" 
line: 5 column: 4 token double_constant: "34.35" 
line: 5 column: 10 token operator_punctuation: "*" 
line: 5 column: 12 token identifier: "A" 
line: 5 column: 13 token operator_punctuation: ";" 
line: 6 column: 0 token operator_punctuation: "}" 

