line: 0 column: 0 token reserved_word: "void" 
line: 0 column: 5 token identifier: "main" 
line: 0 column: 9 token operator_punctuation: "(" 
line: 0 column: 11 token operator_punctuation: ")" 
line: 0 column: 12 token operator_punctuation: "{" 
line: 1 column: 1 token reserved_word: "int" 
line: 1 column: 5 token identifier: "m1" 
line: 1 column: 7 token operator_punctuation: ";" 
line: 2 column: 1 token reserved_word: "int" 
line: 2 column: 5 token identifier: "m2" 
line: 2 column: 7 token operator_punctuation: ";" 
line: 3 column: 1 token reserved_word: "double" 
line: 3 column: 8 token identifier: "m3" 
line: 3 column: 10 token operator_punctuation: ";" 
line: 4 column: 1 token identifier: "Parser" 
line: 4 column: 8 token identifier: "MyParser" 
line: 4 column: 16 token operator_punctuation: ";" 
line: 5 column: 1 token identifier: "MyParser" 
line: 5 column: 9 token operator_punctuation: "." 
line: 5 column: 10 token identifier: "proc1" 
line: 5 column: 15 token operator_punctuation: "(" 
line: 5 column: 16 token identifier: "m3" 
line: 5 column: 18 token operator_punctuation: ")" 
line: 5 column: 19 token operator_punctuation: ";" 
line: 6 column: 1 token reserved_word: "while" 
line: 6 column: 6 token operator_punctuation: "(" 
line: 6 column: 7 token identifier: "m1" 
line: 6 column: 9 token operator_punctuation: ">=" 
line: 6 column: 11 token integer_constant: "20" 
line: 6 column: 13 token operator_punctuation: ")" 
line: 6 column: 15 token operator_punctuation: "{" 
line: 7 column: 1 token reserved_word: "for" 
line: 7 column: 4 token operator_punctuation: "(" 
line: 7 column: 5 token identifier: "m2" 
line: 7 column: 7 token operator_punctuation: "=" 
line: 7 column: 8 token identifier: "MyParser" 
line: 7 column: 16 token operator_punctuation: "." 
line: 7 column: 17 token identifier: "f1" 
line: 7 column: 19 token operator_punctuation: "(" 
line: 7 column: 20 token integer_constant: "1" 
line: 7 column: 21 token operator_punctuation: "," 
line: 7 column: 22 token double_constant: "2.2" 
line: 7 column: 25 token operator_punctuation: "," 
line: 7 column: 26 token string_constant: ""3"" 
line: 7 column: 29 token operator_punctuation: ")" 
line: 7 column: 30 token operator_punctuation: ";" 
line: 7 column: 31 token identifier: "m2" 
line: 7 column: 33 token operator_punctuation: "=" 
line: 7 column: 34 token identifier: "m2" 
line: 7 column: 36 token operator_punctuation: "+" 
line: 7 column: 37 token integer_constant: "1" 
line: 7 column: 38 token operator_punctuation: ";" 
line: 7 column: 39 token operator_punctuation: "(" 
line: 7 column: 40 token integer_constant: "2" 
line: 7 column: 41 token operator_punctuation: ")" 
line: 7 column: 42 token operator_punctuation: ")" 
line: 7 column: 44 token operator_punctuation: ";" 
line: 8 column: 1 token identifier: "m1" 
line: 8 column: 3 token operator_punctuation: "=" 
line: 8 column: 4 token identifier: "m1" 
line: 8 column: 6 token operator_punctuation: "+" 
line: 8 column: 7 token integer_constant: "2" 
line: 8 column: 8 token operator_punctuation: ";" 
line: 9 column: 1 token operator_punctuation: "}" 
line: 10 column: 1 token reserved_word: "Print" 
line: 10 column: 6 token operator_punctuation: "(" 
line: 10 column: 7 token reserved_word: "this" 
line: 10 column: 11 token operator_punctuation: "." 
line: 10 column: 12 token identifier: "m2" 
line: 10 column: 14 token operator_punctuation: "+" 
line: 10 column: 15 token integer_constant: "10" 
line: 10 column: 17 token operator_punctuation: ")" 
line: 10 column: 18 token operator_punctuation: ";" 
line: 11 column: 1 token reserved_word: "if" 
line: 11 column: 4 token operator_punctuation: "(" 
line: 11 column: 5 token identifier: "m2" 
line: 11 column: 7 token operator_punctuation: "%" 
line: 11 column: 8 token identifier: "m1" 
line: 11 column: 10 token operator_punctuation: "==" 
line: 11 column: 12 token integer_constant: "2" 
line: 11 column: 13 token operator_punctuation: ")" 
line: 12 column: 1 token reserved_word: "Print" 
line: 12 column: 6 token operator_punctuation: "(" 
line: 12 column: 7 token string_constant: ""Sucess!"" 
line: 12 column: 16 token operator_punctuation: "," 
line: 12 column: 18 token identifier: "m1" 
line: 12 column: 20 token operator_punctuation: ")" 
line: 12 column: 21 token operator_punctuation: ";" 
line: 13 column: 1 token reserved_word: "else" 
line: 13 column: 6 token operator_punctuation: "{" 
line: 13 column: 8 token reserved_word: "Print" 
line: 13 column: 13 token operator_punctuation: "(" 
line: 13 column: 14 token string_constant: ""Error!"" 
line: 13 column: 22 token operator_punctuation: ")" 
line: 13 column: 23 token operator_punctuation: ";" 
line: 13 column: 25 token operator_punctuation: "}" 
line: 14 column: 0 token operator_punctuation: "}" 

