*** Error line 1.*** Unrecognized char: '#'
define	line 1 cols 2-7 is T_Identifier
PROCEDURE	line 1 cols 9-17 is T_Identifier
void	line 1 cols 19-22 is T_void
*** Error line 3.*** Unrecognized char: '#'
define	line 3 cols 2-7 is T_Identifier
BEGIN	line 3 cols 9-13 is T_Identifier
{	line 3 cols 15-15 is '{'
*** Error line 4.*** Unrecognized char: '#'
define	line 4 cols 2-7 is T_Identifier
END	line 4 cols 9-11 is T_Identifier
}	line 4 cols 13-13 is '}'
*** Error line 6.*** Unrecognized char: '#'
define	line 6 cols 2-7 is T_Identifier
BINKY	line 6 cols 9-13 is T_Identifier
2	line 6 cols 15-15 is T_IntConstant
+	line 6 cols 17-17 is '+'
2	line 6 cols 19-19 is T_IntConstant
*	line 6 cols 21-21 is '*'
10	line 6 cols 23-24 is T_IntConstant
*** Error line 9.*** Unrecognized char: '#'
PROCEDURE	line 9 cols 2-10 is T_Identifier
main	line 9 cols 12-15 is T_Identifier
()	line 9 cols 16-17 is '()'
*** Error line 11.*** Unrecognized char: '#'
BEGIN	line 11 cols 2-6 is T_Identifier
Print	line 12 cols 5-9 is T_Identifier
(	line 12 cols 10-10 is '('
*** Error line 12.*** Unrecognized char: '#'
BINKY	line 12 cols 12-16 is T_Identifier
)	line 12 cols 17-17 is ')'
;	line 12 cols 18-18 is ';'
*** Error line 14.*** Unrecognized char: '#'
END	line 14 cols 2-4 is T_Identifier

