line: 0 column: 0 token reserved_word: "void" 
line: 0 column: 5 token identifier: "p" 
line: 0 column: 6 token operator_punctuation: "()" 
line: 0 column: 8 token operator_punctuation: "{" 
line: 1 column: 0 token reserved_word: "int" 
line: 1 column: 4 token identifier: "b" 
line: 1 column: 5 token operator_punctuation: ";" 
line: 2 column: 0 token reserved_word: "int" 
line: 2 column: 4 token identifier: "c" 
line: 2 column: 5 token operator_punctuation: ";" 
line: 3 column: 0 token reserved_word: "int" 
line: 3 column: 4 token identifier: "d" 
line: 3 column: 5 token operator_punctuation: ";" 
line: 4 column: 0 token identifier: "a" 
line: 4 column: 1 token operator_punctuation: "=" 
line: 4 column: 2 token integer_constant: "1" 
line: 4 column: 3 token operator_punctuation: ";" 
line: 5 column: 0 token identifier: "a" 
line: 5 column: 1 token operator_punctuation: "=" 
line: 5 column: 2 token string_constant: ""asdasd"" 
line: 5 column: 10 token operator_punctuation: ";" 
line: 6 column: 0 token identifier: "p" 
line: 6 column: 1 token operator_punctuation: "(" 
line: 6 column: 2 token identifier: "a" 
line: 6 column: 3 token operator_punctuation: "," 
line: 6 column: 4 token identifier: "b" 
line: 6 column: 5 token operator_punctuation: ")" 
line: 6 column: 6 token operator_punctuation: ";" 
line: 7 column: 0 token reserved_word: "if" 
line: 7 column: 2 token operator_punctuation: "(" 
line: 7 column: 3 token identifier: "a" 
line: 7 column: 4 token operator_punctuation: "<" 
line: 7 column: 5 token integer_constant: "1" 
line: 7 column: 6 token operator_punctuation: ")" 
line: 7 column: 7 token operator_punctuation: "{" 
line: 8 column: 0 token reserved_word: "int" 
line: 8 column: 4 token identifier: "s" 
line: 8 column: 5 token operator_punctuation: ";" 
line: 9 column: 0 token identifier: "a" 
line: 9 column: 1 token operator_punctuation: "=" 
line: 9 column: 2 token integer_constant: "1" 
line: 9 column: 3 token operator_punctuation: ";" 
line: 11 column: 0 token operator_punctuation: "}" 
line: 13 column: 0 token operator_punctuation: "}" 

