line: 0 column: 0 token reserved_word: "class" 
line: 0 column: 6 token identifier: "Program" 
line: 0 column: 14 token operator_punctuation: "{" 
line: 1 column: 1 token reserved_word: "void" 
line: 1 column: 6 token identifier: "main" 
line: 1 column: 10 token operator_punctuation: "()" 
line: 1 column: 12 token operator_punctuation: "{" 
line: 2 column: 2 token reserved_word: "int" 
line: 2 column: 6 token identifier: "m1" 
line: 2 column: 8 token operator_punctuation: ";" 
line: 3 column: 2 token reserved_word: "int" 
line: 3 column: 6 token identifier: "m2" 
line: 3 column: 8 token operator_punctuation: ";" 
line: 4 column: 2 token reserved_word: "int" 
line: 4 column: 6 token identifier: "m3" 
line: 4 column: 8 token operator_punctuation: ";" 
line: 5 column: 2 token reserved_word: "bool" 
line: 5 column: 7 token identifier: "t" 
line: 5 column: 8 token operator_punctuation: ";" 
line: 6 column: 2 token identifier: "Parser" 
line: 6 column: 9 token identifier: "MyParser" 
line: 6 column: 17 token operator_punctuation: ";" 
line: 7 column: 2 token identifier: "m1" 
line: 7 column: 4 token operator_punctuation: "=" 
line: 7 column: 5 token identifier: "MyParser" 
line: 7 column: 13 token operator_punctuation: "." 
line: 7 column: 14 token identifier: "f1" 
line: 7 column: 16 token operator_punctuation: "(" 
line: 7 column: 17 token operator_punctuation: "-" 
line: 7 column: 18 token integer_constant: "8" 
line: 7 column: 19 token operator_punctuation: ")" 
line: 7 column: 20 token operator_punctuation: ";" 
line: 8 column: 2 token reserved_word: "while" 
line: 8 column: 8 token operator_punctuation: "(" 
line: 8 column: 9 token identifier: "m1" 
line: 8 column: 11 token operator_punctuation: ">" 
line: 8 column: 12 token integer_constant: "10" 
line: 8 column: 14 token operator_punctuation: ")" 
line: 8 column: 16 token operator_punctuation: "{" 
line: 9 column: 3 token reserved_word: "for" 
line: 9 column: 7 token operator_punctuation: "(" 
line: 9 column: 8 token identifier: "m2" 
line: 9 column: 10 token operator_punctuation: "=" 
line: 9 column: 11 token identifier: "f1" 
line: 9 column: 13 token operator_punctuation: "(" 
line: 9 column: 14 token integer_constant: "1" 
line: 9 column: 15 token operator_punctuation: "," 
line: 9 column: 16 token double_constant: "2.2" 
line: 9 column: 19 token operator_punctuation: "," 
line: 9 column: 20 token string_constant: ""3"" 
line: 9 column: 23 token operator_punctuation: ")" 
line: 9 column: 24 token operator_punctuation: ";" 
line: 9 column: 25 token identifier: "m2" 
line: 9 column: 27 token operator_punctuation: "=" 
line: 9 column: 28 token identifier: "m2" 
line: 9 column: 30 token operator_punctuation: "+" 
line: 9 column: 31 token integer_constant: "1" 
line: 9 column: 32 token operator_punctuation: ";" 
line: 9 column: 33 token operator_punctuation: "(" 
line: 9 column: 34 token integer_constant: "2" 
line: 9 column: 35 token operator_punctuation: ")" 
line: 9 column: 36 token operator_punctuation: ")" 
line: 10 column: 4 token reserved_word: "Print" 
line: 10 column: 9 token operator_punctuation: "(" 
line: 10 column: 10 token identifier: "m1" 
line: 10 column: 13 token operator_punctuation: "*" 
line: 10 column: 15 token integer_constant: "2" 
line: 10 column: 16 token operator_punctuation: ")" 
line: 10 column: 17 token operator_punctuation: ";" 
line: 11 column: 5 token reserved_word: "if" 
line: 11 column: 8 token operator_punctuation: "(" 
line: 11 column: 9 token operator_punctuation: "!" 
line: 11 column: 10 token operator_punctuation: "(" 
line: 11 column: 11 token identifier: "m1" 
line: 11 column: 13 token operator_punctuation: "*" 
line: 11 column: 14 token integer_constant: "2" 
line: 11 column: 16 token operator_punctuation: "<" 
line: 11 column: 18 token identifier: "m2" 
line: 11 column: 20 token operator_punctuation: ")" 
line: 11 column: 21 token operator_punctuation: ")" 
line: 12 column: 3 token operator_punctuation: "{" 
line: 13 column: 8 token reserved_word: "break" 
line: 13 column: 13 token operator_punctuation: ";" 
line: 14 column: 3 token operator_punctuation: "}" 
line: 15 column: 2 token operator_punctuation: "}" 
line: 16 column: 2 token reserved_word: "if" 
line: 16 column: 5 token operator_punctuation: "(" 
line: 16 column: 6 token identifier: "m2" 
line: 16 column: 8 token operator_punctuation: "<=" 
line: 16 column: 10 token identifier: "m3" 
line: 16 column: 12 token operator_punctuation: ")" 
line: 16 column: 14 token identifier: "m1" 
line: 16 column: 16 token operator_punctuation: "=" 
line: 16 column: 17 token integer_constant: "1" 
line: 16 column: 18 token operator_punctuation: ";" 
line: 18 column: 2 token identifier: "t" 
line: 18 column: 4 token operator_punctuation: "=" 
line: 18 column: 6 token operator_punctuation: "(" 
line: 18 column: 7 token identifier: "a1" 
line: 18 column: 10 token operator_punctuation: "<" 
line: 18 column: 12 token identifier: "y" 
line: 18 column: 17 token identifier: "a1" 
line: 18 column: 20 token operator_punctuation: "<=" 
line: 18 column: 23 token identifier: "y" 
line: 18 column: 24 token operator_punctuation: ")" 
line: 18 column: 25 token operator_punctuation: ";" 
line: 19 column: 1 token operator_punctuation: "}" 
line: 20 column: 0 token operator_punctuation: "}" 

