line: 0 column: 0 token reserved_word: "class" 
line: 0 column: 6 token identifier: "Parser" 
line: 0 column: 13 token reserved_word: "extends" 
line: 0 column: 21 token identifier: "analyzer" 
line: 0 column: 30 token reserved_word: "implements" 
line: 0 column: 41 token identifier: "lexical" 
line: 0 column: 48 token operator_punctuation: "," 
line: 0 column: 50 token identifier: "syntactical" 
line: 1 column: 0 token operator_punctuation: "{" 
line: 2 column: 1 token reserved_word: "int" 
line: 2 column: 5 token identifier: "a1" 
line: 2 column: 7 token operator_punctuation: ";" 
line: 4 column: 1 token reserved_word: "int" 
line: 4 column: 5 token identifier: "f1" 
line: 4 column: 7 token operator_punctuation: "(" 
line: 4 column: 8 token reserved_word: "int" 
line: 4 column: 12 token identifier: "a" 
line: 4 column: 13 token operator_punctuation: "," 
line: 4 column: 15 token reserved_word: "int" 
line: 4 column: 19 token identifier: "b" 
line: 4 column: 20 token operator_punctuation: "," 
line: 4 column: 22 token reserved_word: "int" 
line: 4 column: 26 token identifier: "c" 
line: 4 column: 27 token operator_punctuation: ")" 
line: 4 column: 29 token operator_punctuation: "{" 
line: 5 column: 5 token operator_punctuation: "{" 
line: 6 column: 2 token reserved_word: "if" 
line: 6 column: 5 token operator_punctuation: "(" 
line: 6 column: 6 token identifier: "a" 
line: 6 column: 7 token operator_punctuation: ">" 
line: 6 column: 8 token identifier: "b" 
line: 6 column: 9 token operator_punctuation: ")" 
line: 6 column: 11 token identifier: "p1" 
line: 6 column: 13 token operator_punctuation: "=" 
line: 6 column: 14 token integer_constant: "2" 
line: 6 column: 15 token operator_punctuation: ";" 
line: 6 column: 17 token reserved_word: "else" 
line: 6 column: 22 token identifier: "p1" 
line: 6 column: 24 token operator_punctuation: "=" 
line: 6 column: 25 token integer_constant: "3" 
line: 6 column: 26 token operator_punctuation: ";" 
line: 8 column: 5 token operator_punctuation: "}" 
line: 9 column: 1 token reserved_word: "return" 
line: 9 column: 8 token operator_punctuation: "(" 
line: 9 column: 9 token identifier: "p1" 
line: 9 column: 11 token operator_punctuation: ")" 
line: 9 column: 13 token operator_punctuation: ";" 
line: 10 column: 1 token operator_punctuation: "}" 
line: 12 column: 1 token reserved_word: "void" 
line: 12 column: 6 token identifier: "proc1" 
line: 12 column: 11 token operator_punctuation: "(" 
line: 12 column: 12 token reserved_word: "double" 
line: 12 column: 19 token identifier: "y" 
line: 12 column: 20 token operator_punctuation: ")" 
line: 13 column: 1 token operator_punctuation: "{" 
line: 15 column: 1 token operator_punctuation: "}" 
line: 16 column: 0 token operator_punctuation: "}" 
line: 18 column: 0 token reserved_word: "class" 
line: 18 column: 6 token identifier: "Program" 
line: 18 column: 14 token operator_punctuation: "{" 
line: 19 column: 1 token reserved_word: "void" 
line: 19 column: 6 token identifier: "main" 
line: 19 column: 10 token operator_punctuation: "()" 
line: 19 column: 12 token operator_punctuation: "{" 
line: 20 column: 2 token reserved_word: "int" 
line: 20 column: 6 token identifier: "m1" 
line: 20 column: 8 token operator_punctuation: ";" 
line: 21 column: 2 token reserved_word: "int" 
line: 21 column: 6 token identifier: "m2" 
line: 21 column: 8 token operator_punctuation: ";" 
line: 22 column: 2 token reserved_word: "int" 
line: 22 column: 6 token identifier: "m3" 
line: 22 column: 8 token operator_punctuation: ";" 
line: 23 column: 2 token reserved_word: "bool" 
line: 23 column: 7 token identifier: "t" 
line: 23 column: 8 token operator_punctuation: ";" 
line: 24 column: 2 token identifier: "Parser" 
line: 24 column: 9 token identifier: "MyParser" 
line: 24 column: 17 token operator_punctuation: ";" 
line: 25 column: 2 token identifier: "m1" 
line: 25 column: 4 token operator_punctuation: "=" 
line: 25 column: 5 token identifier: "MyParser" 
line: 25 column: 13 token operator_punctuation: "." 
line: 25 column: 14 token identifier: "f1" 
line: 25 column: 16 token operator_punctuation: "(" 
line: 25 column: 17 token integer_constant: "1" 
line: 25 column: 18 token operator_punctuation: "," 
line: 25 column: 19 token double_constant: "2.2" 
line: 25 column: 22 token operator_punctuation: "," 
line: 25 column: 23 token string_constant: ""3"" 
line: 25 column: 26 token operator_punctuation: ")" 
line: 25 column: 27 token operator_punctuation: ";" 
line: 26 column: 2 token reserved_word: "while" 
line: 26 column: 8 token operator_punctuation: "(" 
line: 26 column: 9 token identifier: "m1" 
line: 26 column: 11 token operator_punctuation: ">" 
line: 26 column: 12 token integer_constant: "10" 
line: 26 column: 14 token operator_punctuation: ")" 
line: 26 column: 16 token operator_punctuation: "{" 
line: 27 column: 3 token reserved_word: "for" 
line: 27 column: 7 token operator_punctuation: "(" 
line: 27 column: 8 token identifier: "m2" 
line: 27 column: 10 token operator_punctuation: "=" 
line: 27 column: 11 token identifier: "f1" 
line: 27 column: 13 token operator_punctuation: "(" 
line: 27 column: 14 token integer_constant: "1" 
line: 27 column: 15 token operator_punctuation: "," 
line: 27 column: 16 token double_constant: "2.2" 
line: 27 column: 19 token operator_punctuation: "," 
line: 27 column: 20 token string_constant: ""3"" 
line: 27 column: 23 token operator_punctuation: ")" 
line: 27 column: 24 token operator_punctuation: ";" 
line: 27 column: 25 token identifier: "m2" 
line: 27 column: 27 token operator_punctuation: "=" 
line: 27 column: 28 token identifier: "m2" 
line: 27 column: 30 token operator_punctuation: "+" 
line: 27 column: 31 token integer_constant: "1" 
line: 27 column: 32 token operator_punctuation: ";" 
line: 27 column: 33 token operator_punctuation: "(" 
line: 27 column: 34 token integer_constant: "2" 
line: 27 column: 35 token operator_punctuation: ")" 
line: 27 column: 36 token operator_punctuation: ")" 
line: 28 column: 4 token reserved_word: "Print" 
line: 28 column: 9 token operator_punctuation: "(" 
line: 28 column: 10 token identifier: "m1" 
line: 28 column: 13 token operator_punctuation: "*" 
line: 28 column: 15 token integer_constant: "2" 
line: 28 column: 16 token operator_punctuation: ")" 
line: 28 column: 17 token operator_punctuation: ";" 
line: 29 column: 5 token reserved_word: "if" 
line: 29 column: 8 token operator_punctuation: "(" 
line: 29 column: 9 token operator_punctuation: "!" 
line: 29 column: 10 token operator_punctuation: "(" 
line: 29 column: 11 token identifier: "m1" 
line: 29 column: 13 token operator_punctuation: "*" 
line: 29 column: 14 token integer_constant: "2" 
line: 29 column: 16 token operator_punctuation: "<" 
line: 29 column: 18 token identifier: "m2" 
line: 29 column: 20 token operator_punctuation: ")" 
line: 29 column: 21 token operator_punctuation: ")" 
line: 30 column: 3 token operator_punctuation: "{" 
line: 31 column: 8 token reserved_word: "break" 
line: 31 column: 13 token operator_punctuation: ";" 
line: 32 column: 3 token operator_punctuation: "}" 
line: 33 column: 2 token operator_punctuation: "}" 
line: 34 column: 2 token reserved_word: "if" 
line: 34 column: 5 token operator_punctuation: "(" 
line: 34 column: 6 token identifier: "m2" 
line: 34 column: 8 token operator_punctuation: "<=" 
line: 34 column: 10 token identifier: "m3" 
line: 34 column: 12 token operator_punctuation: ")" 
line: 34 column: 14 token identifier: "m1" 
line: 34 column: 16 token operator_punctuation: "=" 
line: 34 column: 17 token integer_constant: "1" 
line: 34 column: 18 token operator_punctuation: ";" 
line: 36 column: 2 token identifier: "t" 
line: 36 column: 4 token operator_punctuation: "=" 
line: 36 column: 6 token operator_punctuation: "(" 
line: 36 column: 7 token identifier: "a1" 
line: 36 column: 10 token operator_punctuation: "<" 
line: 36 column: 12 token identifier: "y" 
line: 36 column: 17 token identifier: "a1" 
line: 36 column: 20 token operator_punctuation: "<=" 
line: 36 column: 23 token identifier: "y" 
line: 36 column: 24 token operator_punctuation: ")" 
line: 36 column: 25 token operator_punctuation: ";" 
line: 37 column: 1 token operator_punctuation: "}" 
line: 38 column: 0 token operator_punctuation: "}" 

