line: 0 column: 0 token reserved_word: "interface" 
line: 0 column: 10 token identifier: "Parser" 
line: 0 column: 17 token operator_punctuation: "{" 
line: 1 column: 1 token reserved_word: "int" 
line: 1 column: 5 token identifier: "f1" 
line: 1 column: 7 token operator_punctuation: "(" 
line: 1 column: 8 token reserved_word: "int" 
line: 1 column: 12 token identifier: "x" 
line: 1 column: 13 token operator_punctuation: "," 
line: 1 column: 15 token reserved_word: "double" 
line: 1 column: 22 token identifier: "y" 
line: 1 column: 23 token operator_punctuation: "," 
line: 1 column: 25 token reserved_word: "string" 
line: 1 column: 32 token identifier: "z" 
line: 1 column: 33 token operator_punctuation: ")" 
line: 1 column: 34 token operator_punctuation: ";" 
line: 2 column: 1 token reserved_word: "void" 
line: 2 column: 6 token identifier: "proc1" 
line: 2 column: 11 token operator_punctuation: "(" 
line: 2 column: 12 token reserved_word: "double" 
line: 2 column: 19 token identifier: "y" 
line: 2 column: 20 token operator_punctuation: ")" 
line: 2 column: 21 token operator_punctuation: ";" 
line: 2 column: 23 token operator_punctuation: "{" 
line: 3 column: 1 token operator_punctuation: "}" 
line: 4 column: 0 token operator_punctuation: "}" 
line: 6 column: 0 token reserved_word: "void" 
line: 6 column: 5 token identifier: "main" 
line: 6 column: 9 token operator_punctuation: "()" 
line: 6 column: 11 token operator_punctuation: "{" 
line: 7 column: 1 token reserved_word: "int" 
line: 7 column: 5 token identifier: "m1" 
line: 7 column: 7 token operator_punctuation: ";" 
line: 8 column: 1 token reserved_word: "int" 
line: 8 column: 5 token identifier: "m2" 
line: 8 column: 7 token operator_punctuation: ";" 
line: 9 column: 1 token identifier: "Parser" 
line: 9 column: 8 token identifier: "MyParser" 
line: 9 column: 16 token operator_punctuation: ";" 
line: 10 column: 1 token identifier: "m1" 
line: 10 column: 3 token operator_punctuation: "=" 
line: 10 column: 4 token identifier: "MyParser" 
line: 10 column: 12 token operator_punctuation: "." 
line: 10 column: 13 token identifier: "f1" 
line: 10 column: 15 token operator_punctuation: "(" 
line: 10 column: 16 token integer_constant: "1" 
line: 10 column: 17 token operator_punctuation: "," 
line: 10 column: 18 token double_constant: "2.2" 
line: 10 column: 21 token operator_punctuation: "," 
line: 10 column: 22 token string_constant: ""3"" 
line: 10 column: 25 token operator_punctuation: ")" 
line: 10 column: 26 token operator_punctuation: ";" 
line: 11 column: 1 token reserved_word: "while" 
line: 11 column: 7 token operator_punctuation: "(" 
line: 11 column: 8 token identifier: "m1" 
line: 11 column: 11 token operator_punctuation: ">=" 
line: 11 column: 14 token integer_constant: "20" 
line: 11 column: 16 token operator_punctuation: ")" 
line: 11 column: 18 token operator_punctuation: "{" 
line: 12 column: 2 token reserved_word: "for" 
line: 12 column: 6 token operator_punctuation: "(" 
line: 12 column: 7 token identifier: "m2" 
line: 12 column: 9 token operator_punctuation: "=" 
line: 12 column: 10 token identifier: "f1" 
line: 12 column: 12 token operator_punctuation: "(" 
line: 12 column: 13 token integer_constant: "1" 
line: 12 column: 14 token operator_punctuation: "," 
line: 12 column: 15 token double_constant: "2.2" 
line: 12 column: 18 token operator_punctuation: "," 
line: 12 column: 19 token string_constant: ""3"" 
line: 12 column: 22 token operator_punctuation: ")" 
line: 12 column: 23 token operator_punctuation: ";" 
line: 12 column: 24 token identifier: "m2" 
line: 12 column: 26 token operator_punctuation: "=" 
line: 12 column: 27 token identifier: "m2" 
line: 12 column: 29 token operator_punctuation: "+" 
line: 12 column: 30 token integer_constant: "1" 
line: 12 column: 31 token operator_punctuation: ";" 
line: 12 column: 32 token operator_punctuation: "(" 
line: 12 column: 33 token integer_constant: "2" 
line: 12 column: 34 token operator_punctuation: ")" 
line: 12 column: 35 token operator_punctuation: ")" 
line: 14 column: 2 token operator_punctuation: "}" 
line: 15 column: 1 token reserved_word: "Print" 
line: 15 column: 6 token operator_punctuation: "(" 
line: 15 column: 7 token reserved_word: "this" 
line: 15 column: 11 token operator_punctuation: "." 
line: 15 column: 12 token identifier: "m2" 
line: 15 column: 15 token operator_punctuation: "+" 
line: 15 column: 17 token integer_constant: "10" 
line: 15 column: 19 token operator_punctuation: ")" 
line: 15 column: 20 token operator_punctuation: ";" 
line: 16 column: 1 token reserved_word: "if" 
line: 16 column: 4 token operator_punctuation: "(" 
line: 16 column: 5 token identifier: "m2" 
line: 16 column: 8 token operator_punctuation: "!=" 
line: 16 column: 11 token identifier: "m1" 
line: 16 column: 14 token operator_punctuation: "&&" 
line: 16 column: 17 token bool_constant: "true" 
line: 16 column: 21 token operator_punctuation: ")" 
line: 17 column: 2 token operator_punctuation: "{" 
line: 18 column: 4 token reserved_word: "string" 
line: 18 column: 11 token identifier: "p1" 
line: 18 column: 13 token operator_punctuation: ";" 
line: 19 column: 7 token identifier: "p1" 
line: 19 column: 10 token operator_punctuation: "=" 
line: 19 column: 12 token string_constant: ""This is a string"" 
line: 19 column: 30 token operator_punctuation: ";" 
line: 20 column: 2 token operator_punctuation: "}" 
line: 21 column: 1 token reserved_word: "else" 
line: 21 column: 7 token reserved_word: "Malloc" 
line: 21 column: 13 token operator_punctuation: "(" 
line: 21 column: 14 token integer_constant: "25" 
line: 21 column: 16 token operator_punctuation: ")" 
line: 21 column: 17 token operator_punctuation: ";" 
line: 22 column: 0 token operator_punctuation: "}" 

